10/10/2019 1:05:25 PM	This log contains information about the import schema operation into project 'WorkOrdersDatabase' on computer 'DESKTOP-HTIMUD7' by user 'benwo'.
10/10/2019 1:05:26 PM	Import of database schema has started.
10/10/2019 1:05:36 PM	Gathering database credentials
10/10/2019 1:05:36 PM	Gathering database options
10/10/2019 1:05:36 PM	Gathering generic database scoped configuration option
10/10/2019 1:05:36 PM	Gathering users
10/10/2019 1:05:36 PM	Gathering roles
10/10/2019 1:05:36 PM	Gathering application roles
10/10/2019 1:05:36 PM	Gathering role memberships
10/10/2019 1:05:36 PM	Gathering filegroups
10/10/2019 1:05:36 PM	Gathering full-text catalogs
10/10/2019 1:05:37 PM	Gathering assemblies
10/10/2019 1:05:37 PM	Gathering certificates
10/10/2019 1:05:37 PM	Gathering asymmetric keys
10/10/2019 1:05:37 PM	Gathering symmetric keys
10/10/2019 1:05:37 PM	Gathering encrypted symmetric keys
10/10/2019 1:05:37 PM	Gathering schemas
10/10/2019 1:05:37 PM	Gathering XML schema collections
10/10/2019 1:05:37 PM	Gathering user-defined data types
10/10/2019 1:05:37 PM	Gathering user-defined types
10/10/2019 1:05:37 PM	Gathering table types
10/10/2019 1:05:37 PM	Gathering unique keys for table types
10/10/2019 1:05:37 PM	Gathering primary keys for table types
10/10/2019 1:05:37 PM	Gathering indexes for table types
10/10/2019 1:05:37 PM	Gathering check constraints for table types
10/10/2019 1:05:37 PM	Gathering default constraints for table types
10/10/2019 1:05:37 PM	Gathering partition functions
10/10/2019 1:05:37 PM	Gathering partition schemes
10/10/2019 1:05:37 PM	Gathering functions
10/10/2019 1:05:37 PM	Gathering encrypted functions
10/10/2019 1:05:37 PM	Gathering aggregates
10/10/2019 1:05:37 PM	Gathering procedures
10/10/2019 1:05:37 PM	Gathering encrypted procedures
10/10/2019 1:05:37 PM	Gathering tables
10/10/2019 1:05:37 PM	Gathering primary keys
10/10/2019 1:05:37 PM	Gathering unique constraints
10/10/2019 1:05:37 PM	Gathering foreign keys
10/10/2019 1:05:37 PM	Gathering default constraints
10/10/2019 1:05:37 PM	Gathering check constraints
10/10/2019 1:05:37 PM	Gathering views
10/10/2019 1:05:37 PM	Gathering encrypted views
10/10/2019 1:05:37 PM	Gathering indexes
10/10/2019 1:05:37 PM	Gathering statistics
10/10/2019 1:05:37 PM	Gathering full-text index stoplists
10/10/2019 1:05:37 PM	Gathering search property lists
10/10/2019 1:05:37 PM	Gathering search properties
10/10/2019 1:05:37 PM	Gathering full-text indexes
10/10/2019 1:05:37 PM	Gathering column store indexes
10/10/2019 1:05:37 PM	Gathering spatial indexes
10/10/2019 1:05:37 PM	Gathering XML indexes
10/10/2019 1:05:37 PM	Gathering Selective XML indexes
10/10/2019 1:05:37 PM	Gathering encrypted triggers
10/10/2019 1:05:37 PM	Gathering triggers
10/10/2019 1:05:37 PM	Gathering encrypted and clr ddl triggers
10/10/2019 1:05:37 PM	Gathering ddl triggers
10/10/2019 1:05:37 PM	Gathering synonyms
10/10/2019 1:05:38 PM	Gathering defaults
10/10/2019 1:05:38 PM	Gathering data constraint uddt bindings
10/10/2019 1:05:38 PM	Gathering rules
10/10/2019 1:05:38 PM	Gathering data constraint uddt bindings
10/10/2019 1:05:38 PM	Gathering message types
10/10/2019 1:05:38 PM	Gathering queues
10/10/2019 1:05:38 PM	Gathering contracts
10/10/2019 1:05:38 PM	Gathering services
10/10/2019 1:05:38 PM	Gathering event notifications
10/10/2019 1:05:38 PM	Gathering remote service bindings
10/10/2019 1:05:38 PM	Gathering broker priorities
10/10/2019 1:05:38 PM	Gathering signatures
10/10/2019 1:05:38 PM	Gathering data compression options
10/10/2019 1:05:38 PM	Gathering sequence types
10/10/2019 1:05:38 PM	Gathering security policies
10/10/2019 1:05:38 PM	Gather column encryption keys
10/10/2019 1:05:38 PM	Gathering column master keys
10/10/2019 1:05:38 PM	Gathering external data sources
10/10/2019 1:05:38 PM	Gathering external file formats
10/10/2019 1:05:38 PM	Gathering external tables
10/10/2019 1:05:38 PM	Gathering extended properties
10/10/2019 1:05:38 PM	Gathering credentials
10/10/2019 1:05:38 PM	Gathering logins
10/10/2019 1:05:38 PM	Gathering server audits
10/10/2019 1:05:39 PM	Scanning project for duplicate elements
10/10/2019 1:05:39 PM	Finished duplicate element processing
10/10/2019 1:05:39 PM	Finished importing database.
10/10/2019 1:05:39 PM	A summary of the import was saved to the following location: C:\Users\benwo\Desktop\all-coursework-Wombleben224\labs\UNIT_03_LAB\WorkOrders\WorkOrders\WorkOrdersDatabase\Import Schema Logs\WorkOrdersDatabase_20191010060525.log
10/10/2019 1:05:39 PM	Click Finish to continue...
